<?xml version="1.0" encoding="UTF-8"?>
<testsuite name="testSuits.RegressionTest" tests="1" skipped="0" failures="0" errors="0" timestamp="2017-08-25T13:08:36" hostname="Aniks-MacBook-Pro.local" time="25.083">
  <properties/>
  <testcase name="verifyProductPageHappyPathUsingMultiSkuProductForNewCustomer" classname="testSuits.RegressionTest" time="25.083"/>
  <system-out><![CDATA[Item number 6RPQG-----Â£164.99
6RPQG
]]></system-out>
  <system-err><![CDATA[]]></system-err>
</testsuite>
